<testsuites id="" name="" tests="5" failures="5" skipped="0" errors="0" time="1.987972">
<testsuite name="user-onboarding.spec.ts" timestamp="2025-07-14T19:27:27.149Z" hostname="chromium" tests="1" failures="1" skipped="0" time="0.35" errors="0">
<testcase name="User Onboarding Flow › should complete full first-time user onboarding flow" classname="user-onboarding.spec.ts" time="0.35">
<failure message="user-onboarding.spec.ts:59:7 should complete full first-time user onboarding flow" type="FAILURE">
<![CDATA[  [chromium] › user-onboarding.spec.ts:59:7 › User Onboarding Flow › should complete full first-time user onboarding flow 

    Error: page.goto: net::ERR_CONNECTION_REFUSED at http://localhost:3001/
    Call log:
      - navigating to "http://localhost:3001/", waiting until "load"


       at utils/testHelpers.ts:120

      118 | export async function clearAppState(page: Page) {
      119 |   // Navigate to the page first
    > 120 |   await page.goto('/');
          |              ^
      121 |   await page.waitForLoadState('networkidle');
      122 |   
      123 |   try {
        at clearAppState (/Users/cagdasmuldur/Projects/act-of-kindness/e2e/utils/testHelpers.ts:120:14)
        at /Users/cagdasmuldur/Projects/act-of-kindness/e2e/user-onboarding.spec.ts:23:24

    attachment #1: screenshot (image/png) ──────────────────────────────────────────────────────────
    test-results/user-onboarding-User-Onboa-2b97e-t-time-user-onboarding-flow-chromium/test-failed-1.png
    ────────────────────────────────────────────────────────────────────────────────────────────────

    attachment #2: video (video/webm) ──────────────────────────────────────────────────────────────
    test-results/user-onboarding-User-Onboa-2b97e-t-time-user-onboarding-flow-chromium/video.webm
    ────────────────────────────────────────────────────────────────────────────────────────────────
]]>
</failure>
<system-out>
<![CDATA[
[[ATTACHMENT|user-onboarding-User-Onboa-2b97e-t-time-user-onboarding-flow-chromium/test-failed-1.png]]

[[ATTACHMENT|user-onboarding-User-Onboa-2b97e-t-time-user-onboarding-flow-chromium/video.webm]]
]]>
</system-out>
</testcase>
</testsuite>
<testsuite name="user-onboarding.spec.ts" timestamp="2025-07-14T19:27:27.149Z" hostname="firefox" tests="1" failures="1" skipped="0" time="0.631" errors="0">
<testcase name="User Onboarding Flow › should complete full first-time user onboarding flow" classname="user-onboarding.spec.ts" time="0.631">
<failure message="user-onboarding.spec.ts:59:7 should complete full first-time user onboarding flow" type="FAILURE">
<![CDATA[  [firefox] › user-onboarding.spec.ts:59:7 › User Onboarding Flow › should complete full first-time user onboarding flow 

    Error: page.goto: NS_ERROR_CONNECTION_REFUSED
    Call log:
      - navigating to "http://localhost:3001/", waiting until "load"


       at utils/testHelpers.ts:120

      118 | export async function clearAppState(page: Page) {
      119 |   // Navigate to the page first
    > 120 |   await page.goto('/');
          |              ^
      121 |   await page.waitForLoadState('networkidle');
      122 |   
      123 |   try {
        at clearAppState (/Users/cagdasmuldur/Projects/act-of-kindness/e2e/utils/testHelpers.ts:120:14)
        at /Users/cagdasmuldur/Projects/act-of-kindness/e2e/user-onboarding.spec.ts:23:24

    attachment #1: screenshot (image/png) ──────────────────────────────────────────────────────────
    test-results/user-onboarding-User-Onboa-2b97e-t-time-user-onboarding-flow-firefox/test-failed-1.png
    ────────────────────────────────────────────────────────────────────────────────────────────────

    attachment #2: video (video/webm) ──────────────────────────────────────────────────────────────
    test-results/user-onboarding-User-Onboa-2b97e-t-time-user-onboarding-flow-firefox/video.webm
    ────────────────────────────────────────────────────────────────────────────────────────────────

    Error Context: ../test-results/user-onboarding-User-Onboa-2b97e-t-time-user-onboarding-flow-firefox/error-context.md
]]>
</failure>
<system-out>
<![CDATA[
[[ATTACHMENT|user-onboarding-User-Onboa-2b97e-t-time-user-onboarding-flow-firefox/test-failed-1.png]]

[[ATTACHMENT|user-onboarding-User-Onboa-2b97e-t-time-user-onboarding-flow-firefox/video.webm]]

[[ATTACHMENT|user-onboarding-User-Onboa-2b97e-t-time-user-onboarding-flow-firefox/error-context.md]]
]]>
</system-out>
</testcase>
</testsuite>
<testsuite name="user-onboarding.spec.ts" timestamp="2025-07-14T19:27:27.149Z" hostname="webkit" tests="1" failures="1" skipped="0" time="0.467" errors="0">
<testcase name="User Onboarding Flow › should complete full first-time user onboarding flow" classname="user-onboarding.spec.ts" time="0.467">
<failure message="user-onboarding.spec.ts:59:7 should complete full first-time user onboarding flow" type="FAILURE">
<![CDATA[  [webkit] › user-onboarding.spec.ts:59:7 › User Onboarding Flow › should complete full first-time user onboarding flow 

    Error: page.goto: Could not connect to the server.
    Call log:
      - navigating to "http://localhost:3001/", waiting until "load"


       at utils/testHelpers.ts:120

      118 | export async function clearAppState(page: Page) {
      119 |   // Navigate to the page first
    > 120 |   await page.goto('/');
          |              ^
      121 |   await page.waitForLoadState('networkidle');
      122 |   
      123 |   try {
        at clearAppState (/Users/cagdasmuldur/Projects/act-of-kindness/e2e/utils/testHelpers.ts:120:14)
        at /Users/cagdasmuldur/Projects/act-of-kindness/e2e/user-onboarding.spec.ts:23:24

    attachment #1: screenshot (image/png) ──────────────────────────────────────────────────────────
    test-results/user-onboarding-User-Onboa-2b97e-t-time-user-onboarding-flow-webkit/test-failed-1.png
    ────────────────────────────────────────────────────────────────────────────────────────────────

    attachment #2: video (video/webm) ──────────────────────────────────────────────────────────────
    test-results/user-onboarding-User-Onboa-2b97e-t-time-user-onboarding-flow-webkit/video.webm
    ────────────────────────────────────────────────────────────────────────────────────────────────
]]>
</failure>
<system-out>
<![CDATA[
[[ATTACHMENT|user-onboarding-User-Onboa-2b97e-t-time-user-onboarding-flow-webkit/test-failed-1.png]]

[[ATTACHMENT|user-onboarding-User-Onboa-2b97e-t-time-user-onboarding-flow-webkit/video.webm]]
]]>
</system-out>
</testcase>
</testsuite>
<testsuite name="user-onboarding.spec.ts" timestamp="2025-07-14T19:27:27.149Z" hostname="Mobile Chrome" tests="1" failures="1" skipped="0" time="0.364" errors="0">
<testcase name="User Onboarding Flow › should complete full first-time user onboarding flow" classname="user-onboarding.spec.ts" time="0.364">
<failure message="user-onboarding.spec.ts:59:7 should complete full first-time user onboarding flow" type="FAILURE">
<![CDATA[  [Mobile Chrome] › user-onboarding.spec.ts:59:7 › User Onboarding Flow › should complete full first-time user onboarding flow 

    Error: page.goto: net::ERR_CONNECTION_REFUSED at http://localhost:3001/
    Call log:
      - navigating to "http://localhost:3001/", waiting until "load"


       at utils/testHelpers.ts:120

      118 | export async function clearAppState(page: Page) {
      119 |   // Navigate to the page first
    > 120 |   await page.goto('/');
          |              ^
      121 |   await page.waitForLoadState('networkidle');
      122 |   
      123 |   try {
        at clearAppState (/Users/cagdasmuldur/Projects/act-of-kindness/e2e/utils/testHelpers.ts:120:14)
        at /Users/cagdasmuldur/Projects/act-of-kindness/e2e/user-onboarding.spec.ts:23:24

    attachment #1: screenshot (image/png) ──────────────────────────────────────────────────────────
    test-results/user-onboarding-User-Onboa-2b97e-t-time-user-onboarding-flow-Mobile-Chrome/test-failed-1.png
    ────────────────────────────────────────────────────────────────────────────────────────────────

    attachment #2: video (video/webm) ──────────────────────────────────────────────────────────────
    test-results/user-onboarding-User-Onboa-2b97e-t-time-user-onboarding-flow-Mobile-Chrome/video.webm
    ────────────────────────────────────────────────────────────────────────────────────────────────
]]>
</failure>
<system-out>
<![CDATA[
[[ATTACHMENT|user-onboarding-User-Onboa-2b97e-t-time-user-onboarding-flow-Mobile-Chrome/test-failed-1.png]]

[[ATTACHMENT|user-onboarding-User-Onboa-2b97e-t-time-user-onboarding-flow-Mobile-Chrome/video.webm]]
]]>
</system-out>
</testcase>
</testsuite>
<testsuite name="user-onboarding.spec.ts" timestamp="2025-07-14T19:27:27.149Z" hostname="Mobile Safari" tests="1" failures="1" skipped="0" time="0.457" errors="0">
<testcase name="User Onboarding Flow › should complete full first-time user onboarding flow" classname="user-onboarding.spec.ts" time="0.457">
<failure message="user-onboarding.spec.ts:59:7 should complete full first-time user onboarding flow" type="FAILURE">
<![CDATA[  [Mobile Safari] › user-onboarding.spec.ts:59:7 › User Onboarding Flow › should complete full first-time user onboarding flow 

    Error: page.goto: Could not connect to the server.
    Call log:
      - navigating to "http://localhost:3001/", waiting until "load"


       at utils/testHelpers.ts:120

      118 | export async function clearAppState(page: Page) {
      119 |   // Navigate to the page first
    > 120 |   await page.goto('/');
          |              ^
      121 |   await page.waitForLoadState('networkidle');
      122 |   
      123 |   try {
        at clearAppState (/Users/cagdasmuldur/Projects/act-of-kindness/e2e/utils/testHelpers.ts:120:14)
        at /Users/cagdasmuldur/Projects/act-of-kindness/e2e/user-onboarding.spec.ts:23:24

    attachment #1: screenshot (image/png) ──────────────────────────────────────────────────────────
    test-results/user-onboarding-User-Onboa-2b97e-t-time-user-onboarding-flow-Mobile-Safari/test-failed-1.png
    ────────────────────────────────────────────────────────────────────────────────────────────────

    attachment #2: video (video/webm) ──────────────────────────────────────────────────────────────
    test-results/user-onboarding-User-Onboa-2b97e-t-time-user-onboarding-flow-Mobile-Safari/video.webm
    ────────────────────────────────────────────────────────────────────────────────────────────────
]]>
</failure>
<system-out>
<![CDATA[
[[ATTACHMENT|user-onboarding-User-Onboa-2b97e-t-time-user-onboarding-flow-Mobile-Safari/test-failed-1.png]]

[[ATTACHMENT|user-onboarding-User-Onboa-2b97e-t-time-user-onboarding-flow-Mobile-Safari/video.webm]]
]]>
</system-out>
</testcase>
</testsuite>
</testsuites>